{"level":"error","message":"Error getting data","timestamp":"2024-01-27T10:01:43.626Z"}
{"level":"error","message":"Error getting data","timestamp":"2024-01-27T10:05:00.438Z"}
{"level":"error","message":"Error getting data","timestamp":"2024-01-27T10:06:13.853Z"}
{"level":"error","message":"Error getting data","timestamp":"2024-01-27T10:09:35.974Z"}
{"level":"error","message":"Error getting data","timestamp":"2024-01-27T10:09:39.112Z"}
{"level":"error","message":"Error getting data","timestamp":"2024-01-27T10:10:42.433Z"}
{"level":"info","message":"Sucessfully got data of ongc","timestamp":"2024-01-27T10:58:12.445Z"}
{"level":"info","message":"Sucessfully got data of ongc","timestamp":"2024-01-27T10:58:31.268Z"}
{"level":"info","message":"Sucessfully got data of ongc","timestamp":"2024-01-27T11:17:39.749Z"}
{"level":"info","message":"Sucessfully got data of ongc","timestamp":"2024-01-27T11:17:42.361Z"}
{"level":"info","message":"Sucessfully got data of ongc","timestamp":"2024-01-27T11:17:52.913Z"}
{"level":"info","message":"Sucessfully got data of ongc","timestamp":"2024-01-27T11:18:23.159Z"}
{"level":"info","message":"Sucessfully got data of ongc","timestamp":"2024-01-27T11:18:26.410Z"}
{"level":"info","message":"Sucessfully got data of ongc","timestamp":"2024-01-27T11:20:31.007Z"}
{"level":"info","message":"Sucessfully got data of ongc","timestamp":"2024-01-27T12:55:26.337Z"}
{"level":"info","message":"Sucessfully got data of ongc","timestamp":"2024-01-27T12:55:41.840Z"}
{"level":"info","message":"Sucessfully got data of ongc","timestamp":"2024-01-27T12:55:58.361Z"}
{"level":"info","message":"Sucessfully got data of ongc","timestamp":"2024-01-27T12:56:04.023Z"}
{"level":"info","message":"Sucessfully got data of ongc","timestamp":"2024-01-27T12:56:21.823Z"}
{"level":"info","message":"Sucessfully got data of ongc","timestamp":"2024-01-27T13:13:37.422Z"}
{"level":"info","message":"Sucessfully got data of ongc","timestamp":"2024-01-27T13:13:42.242Z"}
{"level":"info","message":"Connection created","timestamp":"2024-01-27T13:57:13.749Z"}
{"level":"info","message":"Query is select * from  `ParameterColln` Where date=? and  paramenters are 11/06/2023","timestamp":"2024-01-27T13:57:13.930Z"}
{"level":"info","message":"Connection Closed","timestamp":"2024-01-27T13:57:13.968Z"}
{"level":"info","message":"Connection created","timestamp":"2024-01-27T13:57:48.417Z"}
{"level":"info","message":"Query is select * from  `ParameterColln` Where date=? and  paramenters are 11/06/2023","timestamp":"2024-01-27T13:57:48.591Z"}
{"level":"info","message":"Connection Closed","timestamp":"2024-01-27T13:57:48.631Z"}
{"level":"info","message":"Connection created","timestamp":"2024-01-27T14:00:03.035Z"}
{"level":"info","message":"Query is SELECT * FROM  `ParameterColln` WHERE date = ? and  paramenters are 2023-01-06","timestamp":"2024-01-27T14:00:03.218Z"}
{"level":"info","message":"Connection Closed","timestamp":"2024-01-27T14:00:03.257Z"}
{"level":"info","message":"Connection created","timestamp":"2024-01-27T14:01:25.017Z"}
{"level":"info","message":"Connection Closed","timestamp":"2024-01-27T14:01:25.217Z"}
{"level":"info","message":"Query is SELECT * FROM  `ParameterColln` WHERE date = ? and  paramenters are 2023-01-06","timestamp":"2024-01-27T14:01:25.218Z"}
{"level":"info","message":"Connection created","timestamp":"2024-01-27T14:02:31.859Z"}
{"level":"info","message":"Connection Closed","timestamp":"2024-01-27T14:02:32.068Z"}
{"level":"info","message":"Query is SELECT * FROM  `ParameterColln` WHERE date = ? and  paramenters are 2023-01-06","timestamp":"2024-01-27T14:02:32.068Z"}
{"level":"info","message":"Connection created","timestamp":"2024-01-27T14:04:01.273Z"}
{"level":"info","message":"Query is SELECT * FROM  `ParameterColln` WHERE date = ? and  paramenters are 2023-01-06","timestamp":"2024-01-27T14:04:01.462Z"}
{"level":"info","message":"Connection Closed","timestamp":"2024-01-27T14:04:01.465Z"}
{"level":"info","message":"Connection created","timestamp":"2024-01-27T14:06:21.247Z"}
{"level":"info","message":"Query is SELECT * FROM  `ParameterColln` WHERE date = '2023-01-06' and  paramenters are 2023-01-06","timestamp":"2024-01-27T14:06:21.446Z"}
{"level":"info","message":"Connection Closed","timestamp":"2024-01-27T14:06:21.453Z"}
{"level":"info","message":"Connection created","timestamp":"2024-01-27T14:06:33.371Z"}
{"level":"info","message":"Query is SELECT * FROM  `ParameterColln` WHERE date = '2023-01-06' and  paramenters are 2023-01-06","timestamp":"2024-01-27T14:06:33.563Z"}
{"level":"info","message":"Connection Closed","timestamp":"2024-01-27T14:06:33.565Z"}
{"level":"info","message":"Connection created","timestamp":"2024-01-27T14:07:16.118Z"}
{"level":"info","message":"Query is SELECT * FROM  `ParameterColln`  and  paramenters are 2023-01-06","timestamp":"2024-01-27T14:07:16.323Z"}
{"level":"info","message":"Connection Closed","timestamp":"2024-01-27T14:07:16.365Z"}
{"level":"info","message":"Connection created","timestamp":"2024-01-27T14:07:35.613Z"}
{"level":"info","message":"Query is SELECT * FROM  `ParameterColln`  and  paramenters are 2023-01-06","timestamp":"2024-01-27T14:07:35.811Z"}
{"level":"info","message":"Connection Closed","timestamp":"2024-01-27T14:07:35.811Z"}
{"level":"info","message":"Connection created","timestamp":"2024-01-27T14:08:45.877Z"}
{"level":"info","message":"Query is SELECT * FROM  `ParameterColln`  and  paramenters are 2023-01-06","timestamp":"2024-01-27T14:08:46.101Z"}
{"level":"info","message":"Connection Closed","timestamp":"2024-01-27T14:08:46.102Z"}
{"level":"info","message":"Connection created","timestamp":"2024-01-27T14:09:19.980Z"}
{"level":"info","message":"Query is SELECT * FROM  `ParameterColln`  and  paramenters are 2023-01-06","timestamp":"2024-01-27T14:09:20.168Z"}
{"level":"info","message":"Connection Closed","timestamp":"2024-01-27T14:09:20.168Z"}
{"level":"info","message":"Connection created","timestamp":"2024-01-27T14:10:00.817Z"}
{"level":"info","message":"Query is SELECT * FROM  `ParameterColln` Where date = ? and  paramenters are 2023-01-06","timestamp":"2024-01-27T14:10:01.009Z"}
{"level":"info","message":"Connection Closed","timestamp":"2024-01-27T14:10:01.010Z"}
{"level":"info","message":"Connection created","timestamp":"2024-01-27T14:10:58.232Z"}
{"level":"info","message":"Query is SELECT * FROM  `ParameterColln` Where date = ? and  paramenters are 2023-01-06","timestamp":"2024-01-27T14:10:58.422Z"}
{"level":"info","message":"Connection Closed","timestamp":"2024-01-27T14:10:58.423Z"}
{"level":"info","message":"Connection created","timestamp":"2024-01-27T14:11:48.089Z"}
{"code":"ER_PARSE_ERROR","errno":1064,"level":"error","sql":"SELECT * FROM  `ParameterColln` Where date = '2023-01-06","sqlMessage":"You have an error in your SQL syntax; check the manual that corresponds to your MySQL server version for the right syntax to use near ''2023-01-06' at line 1","sqlState":"42000","timestamp":"2024-01-27T14:11:48.278Z"}
{"level":"info","message":"Connection Closed","timestamp":"2024-01-27T14:11:48.279Z"}
{"level":"info","message":"Connection created","timestamp":"2024-01-27T14:12:23.675Z"}
{"level":"info","message":"Query is SELECT * FROM  `ParameterColln` Where date = '2023-01-06' and  paramenters are 2023-01-06","timestamp":"2024-01-27T14:12:23.875Z"}
{"level":"info","message":"Connection Closed","timestamp":"2024-01-27T14:12:23.875Z"}
{"level":"info","message":"Connection created","timestamp":"2024-01-27T14:13:14.088Z"}
{"level":"info","message":"Query is SELECT * FROM  `ParameterColln` Where date='2023-01-06' and  paramenters are 2023-01-06","timestamp":"2024-01-27T14:13:14.303Z"}
{"level":"info","message":"Connection Closed","timestamp":"2024-01-27T14:13:14.303Z"}
{"level":"info","message":"Connection created","timestamp":"2024-01-27T14:13:43.956Z"}
{"code":"ER_PARSE_ERROR","errno":1064,"level":"error","sql":"SELECT * FROM  `ParameterColln` Where date=?","sqlMessage":"You have an error in your SQL syntax; check the manual that corresponds to your MySQL server version for the right syntax to use near '?' at line 1","sqlState":"42000","timestamp":"2024-01-27T14:13:44.139Z"}
{"level":"info","message":"Connection Closed","timestamp":"2024-01-27T14:13:44.140Z"}
{"level":"info","message":"Connection created","timestamp":"2024-01-27T14:15:33.449Z"}
{"code":"ER_PARSE_ERROR","errno":1064,"level":"error","sql":"SELECT * FROM  `ParameterColln` Where date=?","sqlMessage":"You have an error in your SQL syntax; check the manual that corresponds to your MySQL server version for the right syntax to use near '?' at line 1","sqlState":"42000","timestamp":"2024-01-27T14:15:33.892Z"}
{"level":"info","message":"Connection Closed","timestamp":"2024-01-27T14:15:33.894Z"}
{"level":"info","message":"Connection created","timestamp":"2024-01-27T14:16:34.849Z"}
{"code":"ER_PARSE_ERROR","errno":1064,"level":"error","sql":"SELECT * FROM  `ParameterColln` Where date = ?","sqlMessage":"You have an error in your SQL syntax; check the manual that corresponds to your MySQL server version for the right syntax to use near '?' at line 1","sqlState":"42000","timestamp":"2024-01-27T14:16:35.046Z"}
{"level":"info","message":"Connection Closed","timestamp":"2024-01-27T14:16:35.047Z"}
{"level":"info","message":"Connection created","timestamp":"2024-01-27T14:16:55.002Z"}
{"level":"info","message":"Query is SELECT * FROM  `ParameterColln` Where date = '2024-01-06' and  paramenters are 2024-01-06","timestamp":"2024-01-27T14:16:55.226Z"}
{"level":"info","message":"Connection Closed","timestamp":"2024-01-27T14:16:55.226Z"}
{"level":"info","message":"Connection created","timestamp":"2024-01-27T14:17:27.905Z"}
{"level":"info","message":"Query is SELECT * FROM  `ParameterColln` Where date = ? and  paramenters are 2024-01-06","timestamp":"2024-01-27T14:17:28.099Z"}
{"level":"info","message":"Connection Closed","timestamp":"2024-01-27T14:17:28.100Z"}
{"level":"info","message":"Connection created","timestamp":"2024-01-27T14:20:13.217Z"}
{"level":"info","message":"Query is SELECT * FROM  `ParameterColln` Where date = ? and  paramenters are 2024-01-06","timestamp":"2024-01-27T14:20:13.744Z"}
{"level":"info","message":"Connection Closed","timestamp":"2024-01-27T14:20:13.745Z"}
{"level":"info","message":"Connection created","timestamp":"2024-01-27T14:20:57.204Z"}
{"level":"info","message":"Query is SELECT * FROM  `ParameterColln` Where date = ? and  paramenters are 2024-01-06","timestamp":"2024-01-27T14:20:57.396Z"}
{"level":"info","message":"Connection Closed","timestamp":"2024-01-27T14:20:57.397Z"}
{"level":"info","message":"Connection created","timestamp":"2024-01-27T14:24:33.467Z"}
{"level":"info","message":"Query is SELECT * FROM  `ParameterColln` Where date = ? and  paramenters are 2024-01-06","timestamp":"2024-01-27T14:24:33.741Z"}
{"level":"info","message":"Connection Closed","timestamp":"2024-01-27T14:24:33.742Z"}
{"level":"info","message":"Connection created","timestamp":"2024-01-27T14:25:55.786Z"}
{"level":"info","message":"Query is SELECT * FROM  `ParameterColln` Where date = ? and  paramenters are 2024-01-06","timestamp":"2024-01-27T14:25:56.006Z"}
{"level":"info","message":"Connection Closed","timestamp":"2024-01-27T14:25:56.007Z"}
{"level":"info","message":"Connection created","timestamp":"2024-01-27T14:31:12.870Z"}
{"level":"info","message":"Query is SELECT * FROM `ParameterColln` WHERE date = ? and parameters are 2024-01-06","timestamp":"2024-01-27T14:31:12.972Z"}
{"level":"info","message":"Connection Closed","timestamp":"2024-01-27T14:31:12.974Z"}
{"level":"info","message":"Connection created","timestamp":"2024-01-27T14:54:45.485Z"}
{"level":"info","message":"Query is SELECT * FROM  `ParameterColln` WHERE date = ? and parameters are 2024-01-27","timestamp":"2024-01-27T14:54:45.574Z"}
{"level":"info","message":"Connection Closed","timestamp":"2024-01-27T14:54:45.576Z"}
{"level":"info","message":"Connection created","timestamp":"2024-01-27T14:54:54.681Z"}
{"level":"info","message":"Query is SELECT * FROM  `ParameterColln` WHERE date = ? and parameters are 2024-01-27","timestamp":"2024-01-27T14:54:54.764Z"}
{"level":"info","message":"Connection Closed","timestamp":"2024-01-27T14:54:54.765Z"}
{"level":"info","message":"Connection created","timestamp":"2024-01-28T08:50:08.492Z"}
{"level":"info","message":"Query is SELECT * FROM  `ParameterColln` WHERE date = ? and parameters are 2024-01-28","timestamp":"2024-01-28T08:50:08.930Z"}
{"level":"info","message":"Connection Closed","timestamp":"2024-01-28T08:50:08.931Z"}
{"level":"info","message":"Connection created","timestamp":"2024-01-28T08:53:49.738Z"}
{"level":"info","message":"Query is SELECT * FROM ongc and parameters are ","timestamp":"2024-01-28T08:53:50.165Z"}
{"level":"info","message":"Connection Closed","timestamp":"2024-01-28T08:53:50.166Z"}
{"level":"info","message":"Connection created","timestamp":"2024-01-28T08:58:53.531Z"}
{"code":"ER_WRONG_ARGUMENTS","errno":1210,"level":"error","message":"Incorrect arguments to mysqld_stmt_execute","sql":"SELECT * from login where `email`=? AND `password`=?","sqlMessage":"Incorrect arguments to mysqld_stmt_execute","sqlState":"HY000","timestamp":"2024-01-28T08:58:53.910Z"}
{"level":"info","message":"Connection created","timestamp":"2024-01-28T09:00:53.323Z"}
{"level":"info","message":"Query is SELECT * FROM ongc and parameters are ","timestamp":"2024-01-28T09:00:53.692Z"}
{"level":"info","message":"Connection Closed","timestamp":"2024-01-28T09:00:53.693Z"}
{"level":"info","message":"Connection created","timestamp":"2024-01-28T09:01:37.316Z"}
{"code":"ER_WRONG_VALUE_COUNT_ON_ROW","errno":1136,"level":"error","message":"Column count doesn't match value count at row 1","sql":"INSERT INTO login (`name`, `email`, `password`) VALUES (?)","sqlMessage":"Column count doesn't match value count at row 1","sqlState":"21S01","timestamp":"2024-01-28T09:01:37.502Z"}
{"level":"info","message":"Connection created","timestamp":"2024-01-28T09:06:04.544Z"}
{"level":"info","message":"Query is SELECT * from login where `email`=? AND `password`=? and parameters are shriyogvichare77@gmail.com,Shriyog@1325","timestamp":"2024-01-28T09:06:04.926Z"}
{"level":"info","message":"Connection Closed","timestamp":"2024-01-28T09:06:04.927Z"}
{"level":"info","message":"Connection created","timestamp":"2024-01-28T09:07:37.384Z"}
{"code":"ER_WRONG_VALUE_COUNT_ON_ROW","errno":1136,"level":"error","message":"Column count doesn't match value count at row 1","sql":"INSERT INTO login (`name`, `email`, `password`) VALUES (?)","sqlMessage":"Column count doesn't match value count at row 1","sqlState":"21S01","timestamp":"2024-01-28T09:07:37.582Z"}
{"level":"info","message":"Connection created","timestamp":"2024-01-28T09:08:15.817Z"}
{"code":"ER_WRONG_VALUE_COUNT_ON_ROW","errno":1136,"level":"error","message":"Column count doesn't match value count at row 1","sql":"INSERT INTO login (`name`, `email`, `password`) VALUES (?)","sqlMessage":"Column count doesn't match value count at row 1","sqlState":"21S01","timestamp":"2024-01-28T09:08:16.085Z"}
{"level":"info","message":"Connection created","timestamp":"2024-01-28T09:09:07.209Z"}
{"code":"ER_WRONG_VALUE_COUNT_ON_ROW","errno":1136,"level":"error","message":"Column count doesn't match value count at row 1","sql":"INSERT INTO login (`name`, `email`, `password`) VALUES (?)","sqlMessage":"Column count doesn't match value count at row 1","sqlState":"21S01","timestamp":"2024-01-28T09:09:07.430Z"}
{"level":"info","message":"Connection created","timestamp":"2024-01-28T09:12:13.298Z"}
{"level":"info","message":"Query is SELECT * from login where `email`=? AND `password`=? and parameters are shriyogvichare77@gmail.com,Shriyog@1325","timestamp":"2024-01-28T09:12:13.764Z"}
{"level":"info","message":"Connection Closed","timestamp":"2024-01-28T09:12:13.765Z"}
{"level":"info","message":"Connection created","timestamp":"2024-01-28T09:12:43.935Z"}
{"code":"ER_WRONG_VALUE_COUNT_ON_ROW","errno":1136,"level":"error","message":"Column count doesn't match value count at row 1","sql":"INSERT INTO login (`name`, `email`, `password`) VALUES (?)","sqlMessage":"Column count doesn't match value count at row 1","sqlState":"21S01","timestamp":"2024-01-28T09:12:44.176Z"}
{"level":"info","message":"Connection created","timestamp":"2024-01-28T09:14:15.345Z"}
{"level":"info","message":"Query is INSERT INTO login (`name`, `email`, `password`) VALUES (?,?,?) and parameters are Shriyog Satish Vichare,shriyogvichare77@gmail.com,Shriyog@1325","timestamp":"2024-01-28T09:14:15.745Z"}
{"level":"info","message":"Connection Closed","timestamp":"2024-01-28T09:14:15.746Z"}
{"level":"info","message":"Connection created","timestamp":"2024-01-28T09:44:40.438Z"}
{"level":"info","message":"Query is SELECT * FROM  `ParameterColln` WHERE date = ? and parameters are 2024-01-28","timestamp":"2024-01-28T09:44:40.862Z"}
{"level":"info","message":"Connection Closed","timestamp":"2024-01-28T09:44:40.863Z"}
{"level":"info","message":"Connection created","timestamp":"2024-01-28T09:44:44.803Z"}
{"level":"info","message":"Query is SELECT * FROM  `ParameterColln` WHERE date = ? and parameters are 2024-01-06","timestamp":"2024-01-28T09:44:45.187Z"}
{"level":"info","message":"Connection Closed","timestamp":"2024-01-28T09:44:45.188Z"}
{"level":"info","message":"Connection created","timestamp":"2024-01-28T09:44:53.169Z"}
{"level":"info","message":"Query is SELECT * FROM  `ParameterColln` WHERE date = ? and parameters are 2024-01-06","timestamp":"2024-01-28T09:44:53.558Z"}
{"level":"info","message":"Connection Closed","timestamp":"2024-01-28T09:44:53.560Z"}
{"level":"info","message":"Connection created","timestamp":"2024-01-28T09:45:00.576Z"}
{"level":"info","message":"Query is SELECT * FROM  `ParameterColln` WHERE date = ? and parameters are 2024-01-06","timestamp":"2024-01-28T09:45:00.941Z"}
{"level":"info","message":"Connection Closed","timestamp":"2024-01-28T09:45:00.941Z"}
{"level":"info","message":"Connection created","timestamp":"2024-01-28T09:45:07.126Z"}
{"level":"info","message":"Query is SELECT * FROM  `ParameterColln` WHERE date = ? and parameters are 2024-01-06","timestamp":"2024-01-28T09:45:07.558Z"}
{"level":"info","message":"Connection Closed","timestamp":"2024-01-28T09:45:07.559Z"}
